<?xml version="1.0" encoding="UTF-8"?>
<!-- Generated by org.testng.reporters.JUnitReportReporter -->
<testsuite skipped="0" hostname="LAPTOP-EJFVD36C" name="com.crm.Product.CreateAndDeleteProduct" tests="1" failures="0" timestamp="2022-10-10T16:19:38 IST" time="27.087" errors="0">
  <testcase name="CreateAndDeleteProductTest" time="27.087" classname="com.crm.Product.CreateAndDeleteProduct"/>
  <system-out/>
</testsuite> <!-- com.crm.Product.CreateAndDeleteProduct -->
