<?xml version="1.0" encoding="UTF-8"?>
<!-- Generated by org.testng.reporters.JUnitReportReporter -->
<testsuite skipped="0" hostname="LAPTOP-EJFVD36C" name="Practice.DataProviderEx" tests="2" failures="0" timestamp="2022-10-14T14:23:32 IST" time="47.589" errors="0">
  <testcase name="trubleTickets" time="22.267" classname="Practice.DataProviderEx"/>
  <system-out/>
  <testcase name="trubleTickets" time="25.322" classname="Practice.DataProviderEx"/>
  <system-out/>
</testsuite> <!-- Practice.DataProviderEx -->
