<?xml version="1.0" encoding="UTF-8"?>
<!-- Generated by org.testng.reporters.JUnitReportReporter -->
<testsuite skipped="0" hostname="LAPTOP-EJFVD36C" name="com.crm.Campaign.CreateCampaign" tests="1" failures="0" timestamp="2022-10-08T15:49:50 IST" time="16.576" errors="0">
  <testcase name="CreateCampaignTest" time="16.576" classname="com.crm.Campaign.CreateCampaign"/>
  <system-out/>
</testsuite> <!-- com.crm.Campaign.CreateCampaign -->
