<?xml version="1.0" encoding="UTF-8"?>
<!-- Generated by org.testng.reporters.JUnitReportReporter -->
<testsuite skipped="0" hostname="LAPTOP-EJFVD36C" name="com.crm.Product.CreateProduct" tests="1" failures="0" timestamp="2022-10-08T15:49:50 IST" time="16.728" errors="0">
  <testcase name="CreateProductTest" time="16.728" classname="com.crm.Product.CreateProduct"/>
  <system-out/>
</testsuite> <!-- com.crm.Product.CreateProduct -->
