<?xml version="1.0" encoding="UTF-8"?>
<!-- Generated by org.testng.reporters.JUnitReportReporter -->
<testsuite skipped="0" hostname="LAPTOP-EJFVD36C" name="Practice.DataProviderTest" tests="5" failures="0" timestamp="2022-10-14T14:09:15 IST" time="0.010" errors="0">
  <testcase name="bookTicket" time="0.001" classname="Practice.DataProviderTest"/>
  <system-out/>
  <testcase name="bookTicket" time="0.001" classname="Practice.DataProviderTest"/>
  <system-out/>
  <testcase name="bookTicket" time="0.005" classname="Practice.DataProviderTest"/>
  <system-out/>
  <testcase name="bookTicket" time="0.001" classname="Practice.DataProviderTest"/>
  <system-out/>
  <testcase name="bookTicket" time="0.002" classname="Practice.DataProviderTest"/>
  <system-out/>
</testsuite> <!-- Practice.DataProviderTest -->
